<?xml version="1.0" encoding="UTF-8" ?>
<testsuite failures="0" time="0.044" errors="0" skipped="0" tests="1" name="org.seamoo.persistence.AppTest">
  <properties>
    <property name="java.runtime.name" value="Java(TM) SE Runtime Environment"/>
    <property name="sun.boot.library.path" value="/usr/lib/jvm/jdk1.6.0_18/jre/lib/amd64"/>
    <property name="java.vm.version" value="16.0-b13"/>
    <property name="java.vm.vendor" value="Sun Microsystems Inc."/>
    <property name="java.vendor.url" value="http://java.sun.com/"/>
    <property name="path.separator" value=":"/>
    <property name="java.vm.name" value="Java HotSpot(TM) 64-Bit Server VM"/>
    <property name="file.encoding.pkg" value="sun.io"/>
    <property name="user.country" value="US"/>
    <property name="sun.java.launcher" value="SUN_STANDARD"/>
    <property name="sun.os.patch.level" value="unknown"/>
    <property name="java.vm.specification.name" value="Java Virtual Machine Specification"/>
    <property name="user.dir" value="/home/phuongnd08/eclipse-workspace/seamoo-parent/seamoo-persistence"/>
    <property name="java.runtime.version" value="1.6.0_18-b07"/>
    <property name="java.awt.graphicsenv" value="sun.awt.X11GraphicsEnvironment"/>
    <property name="basedir" value="/home/phuongnd08/eclipse-workspace/seamoo-parent/seamoo-persistence"/>
    <property name="java.endorsed.dirs" value="/usr/lib/jvm/jdk1.6.0_18/jre/lib/endorsed"/>
    <property name="os.arch" value="amd64"/>
    <property name="surefire.real.class.path" value="/tmp/surefirebooter6907648018303920690.jar"/>
    <property name="java.io.tmpdir" value="/tmp"/>
    <property name="line.separator" value="
"/>
    <property name="java.vm.specification.vendor" value="Sun Microsystems Inc."/>
    <property name="os.name" value="Linux"/>
    <property name="sun.jnu.encoding" value="UTF-8"/>
    <property name="java.library.path" value="/usr/lib/jvm/jdk1.6.0_18/jre/lib/amd64/server:/usr/lib/jvm/jdk1.6.0_18/jre/lib/amd64:/usr/lib/jvm/jdk1.6.0_18/jre/../lib/amd64:/usr/java/packages/lib/amd64:/usr/lib64:/lib64:/lib:/usr/lib"/>
    <property name="surefire.test.class.path" value="/home/phuongnd08/eclipse-workspace/seamoo-parent/seamoo-persistence/target/test-classes:/home/phuongnd08/eclipse-workspace/seamoo-parent/seamoo-persistence/target/classes:/home/phuongnd08/.m2/repository/org/seamoo/seamoo-model/1.0-SNAPSHOT/seamoo-model-1.0-SNAPSHOT.jar:/home/phuongnd08/.m2/repository/com/google/appengine/orm/datanucleus-appengine/1.0.4.1/datanucleus-appengine-1.0.4.1.jar:/home/phuongnd08/.m2/repository/com/google/appengine/appengine-api-1.0-sdk/1.3.1/appengine-api-1.0-sdk-1.3.1.jar:/home/phuongnd08/.m2/repository/org/datanucleus/datanucleus-core/1.1.5/datanucleus-core-1.1.5.jar:/home/phuongnd08/.m2/repository/org/apache/geronimo/specs/geronimo-jta_1.1_spec/1.1.1/geronimo-jta_1.1_spec-1.1.1.jar:/home/phuongnd08/.m2/repository/javax/jdo/jdo2-api/2.3-eb/jdo2-api-2.3-eb.jar:/home/phuongnd08/.m2/repository/com/google/appengine/datanucleus-jpa/1.1.5/datanucleus-jpa-1.1.5.jar:/home/phuongnd08/.m2/repository/com/google/appengine/geronimo-jpa_3.0_spec/1.1.1/geronimo-jpa_3.0_spec-1.1.1.jar:/home/phuongnd08/.m2/repository/javax/transaction/jta/1.1/jta-1.1.jar:/home/phuongnd08/.m2/repository/com/google/appengine/appengine-api-labs/1.3.1/appengine-api-labs-1.3.1.jar:/home/phuongnd08/.m2/repository/com/google/appengine/appengine-api-stubs/1.3.1/appengine-api-stubs-1.3.1.jar:/home/phuongnd08/.m2/repository/com/google/appengine/appengine-local-runtime/1.3.1/appengine-local-runtime-1.3.1.jar:/home/phuongnd08/.m2/repository/com/google/appengine/appengine-testing/1.3.1/appengine-testing-1.3.1.jar:/home/phuongnd08/.m2/repository/junit/junit/4.6/junit-4.6.jar:"/>
    <property name="java.specification.name" value="Java Platform API Specification"/>
    <property name="java.class.version" value="50.0"/>
    <property name="sun.management.compiler" value="HotSpot 64-Bit Server Compiler"/>
    <property name="os.version" value="2.6.32-15-generic"/>
    <property name="user.home" value="/home/phuongnd08"/>
    <property name="user.timezone" value=""/>
    <property name="java.awt.printerjob" value="sun.print.PSPrinterJob"/>
    <property name="file.encoding" value="UTF-8"/>
    <property name="java.specification.version" value="1.6"/>
    <property name="user.name" value="phuongnd08"/>
    <property name="java.class.path" value="/home/phuongnd08/eclipse-workspace/seamoo-parent/seamoo-persistence/target/test-classes:/home/phuongnd08/eclipse-workspace/seamoo-parent/seamoo-persistence/target/classes:/home/phuongnd08/.m2/repository/org/seamoo/seamoo-model/1.0-SNAPSHOT/seamoo-model-1.0-SNAPSHOT.jar:/home/phuongnd08/.m2/repository/com/google/appengine/orm/datanucleus-appengine/1.0.4.1/datanucleus-appengine-1.0.4.1.jar:/home/phuongnd08/.m2/repository/com/google/appengine/appengine-api-1.0-sdk/1.3.1/appengine-api-1.0-sdk-1.3.1.jar:/home/phuongnd08/.m2/repository/org/datanucleus/datanucleus-core/1.1.5/datanucleus-core-1.1.5.jar:/home/phuongnd08/.m2/repository/org/apache/geronimo/specs/geronimo-jta_1.1_spec/1.1.1/geronimo-jta_1.1_spec-1.1.1.jar:/home/phuongnd08/.m2/repository/javax/jdo/jdo2-api/2.3-eb/jdo2-api-2.3-eb.jar:/home/phuongnd08/.m2/repository/com/google/appengine/datanucleus-jpa/1.1.5/datanucleus-jpa-1.1.5.jar:/home/phuongnd08/.m2/repository/com/google/appengine/geronimo-jpa_3.0_spec/1.1.1/geronimo-jpa_3.0_spec-1.1.1.jar:/home/phuongnd08/.m2/repository/javax/transaction/jta/1.1/jta-1.1.jar:/home/phuongnd08/.m2/repository/com/google/appengine/appengine-api-labs/1.3.1/appengine-api-labs-1.3.1.jar:/home/phuongnd08/.m2/repository/com/google/appengine/appengine-api-stubs/1.3.1/appengine-api-stubs-1.3.1.jar:/home/phuongnd08/.m2/repository/com/google/appengine/appengine-local-runtime/1.3.1/appengine-local-runtime-1.3.1.jar:/home/phuongnd08/.m2/repository/com/google/appengine/appengine-testing/1.3.1/appengine-testing-1.3.1.jar:/home/phuongnd08/.m2/repository/junit/junit/4.6/junit-4.6.jar:"/>
    <property name="java.vm.specification.version" value="1.0"/>
    <property name="sun.arch.data.model" value="64"/>
    <property name="java.home" value="/usr/lib/jvm/jdk1.6.0_18/jre"/>
    <property name="java.specification.vendor" value="Sun Microsystems Inc."/>
    <property name="user.language" value="en"/>
    <property name="java.vm.info" value="mixed mode"/>
    <property name="java.version" value="1.6.0_18"/>
    <property name="java.ext.dirs" value="/usr/lib/jvm/jdk1.6.0_18/jre/lib/ext:/usr/java/packages/lib/ext"/>
    <property name="sun.boot.class.path" value="/usr/lib/jvm/jdk1.6.0_18/jre/lib/resources.jar:/usr/lib/jvm/jdk1.6.0_18/jre/lib/rt.jar:/usr/lib/jvm/jdk1.6.0_18/jre/lib/sunrsasign.jar:/usr/lib/jvm/jdk1.6.0_18/jre/lib/jsse.jar:/usr/lib/jvm/jdk1.6.0_18/jre/lib/jce.jar:/usr/lib/jvm/jdk1.6.0_18/jre/lib/charsets.jar:/usr/lib/jvm/jdk1.6.0_18/jre/classes"/>
    <property name="java.vendor" value="Sun Microsystems Inc."/>
    <property name="localRepository" value="/home/phuongnd08/.m2/repository"/>
    <property name="file.separator" value="/"/>
    <property name="java.vendor.url.bug" value="http://java.sun.com/cgi-bin/bugreport.cgi"/>
    <property name="sun.cpu.endian" value="little"/>
    <property name="sun.io.unicode.encoding" value="UnicodeLittle"/>
    <property name="sun.desktop" value="gnome"/>
    <property name="sun.cpu.isalist" value=""/>
  </properties>
  <testcase time="0.007" classname="org.seamoo.persistence.AppTest" name="testApp"/>
</testsuite>